<?xml version="1.0" encoding="UTF-8"?>
<!-- Generated by org.testng.reporters.JUnitReportReporter -->
<testsuite skipped="0" hostname="DESKTOP-OL0COCR" name="selenium.testng" tests="2" failures="0" timestamp="2021-03-19T16:29:02 IST" time="0.039" errors="0">
  <testcase name="testCase2" time="0.009" classname="selenium.testng"/>
  <system-out/>
  <testcase name="testCase1" time="0.030" classname="selenium.testng"/>
  <system-out/>
</testsuite> <!-- selenium.testng -->
